[08-Nov-2016 04:33:06 UTC] PHP Warning:  require(/home/ubuntu/workspace/bootstrap/../vendor/autoload.php): failed to open stream: No such file or directory in /home/ubuntu/workspace/bootstrap/autoload.php on line 17
[08-Nov-2016 04:33:06 UTC] PHP Stack trace:
[08-Nov-2016 04:33:06 UTC] PHP   1. {main}() /home/ubuntu/workspace/public/index.php:0
[08-Nov-2016 04:33:06 UTC] PHP   2. require() /home/ubuntu/workspace/public/index.php:22
[08-Nov-2016 04:33:06 UTC] PHP Fatal error:  require(): Failed opening required '/home/ubuntu/workspace/bootstrap/../vendor/autoload.php' (include_path='.:/usr/share/php:/usr/share/pear') in /home/ubuntu/workspace/bootstrap/autoload.php on line 17
[08-Nov-2016 04:33:06 UTC] PHP Stack trace:
[08-Nov-2016 04:33:06 UTC] PHP   1. {main}() /home/ubuntu/workspace/public/index.php:0
[08-Nov-2016 04:33:06 UTC] PHP   2. require() /home/ubuntu/workspace/public/index.php:22
[08-Nov-2016 14:32:56 UTC] PHP Parse error:  syntax error, unexpected '.', expecting '&' or variable (T_VARIABLE) in /home/ubuntu/workspace/vendor/laravel/framework/src/Illuminate/Foundation/helpers.php on line 475
[08-Nov-2016 14:32:56 UTC] PHP Stack trace:
[08-Nov-2016 14:32:56 UTC] PHP   1. {main}() /home/ubuntu/workspace/public/index.php:0
[08-Nov-2016 14:32:56 UTC] PHP   2. require() /home/ubuntu/workspace/public/index.php:22
[08-Nov-2016 14:32:56 UTC] PHP   3. require() /home/ubuntu/workspace/bootstrap/autoload.php:17
[08-Nov-2016 14:32:56 UTC] PHP   4. ComposerAutoloaderInit311278660a65531e6aa840370286af6a::getLoader() /home/ubuntu/workspace/vendor/autoload.php:7
[08-Nov-2016 14:32:56 UTC] PHP   5. composerRequire311278660a65531e6aa840370286af6a() /home/ubuntu/workspace/vendor/composer/autoload_real.php:56
[08-Nov-2016 15:51:00 UTC] PHP Parse error:  syntax error, unexpected '.', expecting '&' or variable (T_VARIABLE) in /home/ubuntu/workspace/vendor/laravel/framework/src/Illuminate/Foundation/helpers.php on line 475
[08-Nov-2016 15:51:00 UTC] PHP Stack trace:
[08-Nov-2016 15:51:00 UTC] PHP   1. {main}() /home/ubuntu/workspace/public/index.php:0
[08-Nov-2016 15:51:00 UTC] PHP   2. require() /home/ubuntu/workspace/public/index.php:22
[08-Nov-2016 15:51:00 UTC] PHP   3. require() /home/ubuntu/workspace/bootstrap/autoload.php:17
[08-Nov-2016 15:51:00 UTC] PHP   4. ComposerAutoloaderInit311278660a65531e6aa840370286af6a::getLoader() /home/ubuntu/workspace/vendor/autoload.php:7
[08-Nov-2016 15:51:00 UTC] PHP   5. composerRequire311278660a65531e6aa840370286af6a() /home/ubuntu/workspace/vendor/composer/autoload_real.php:56
[08-Nov-2016 15:53:15 UTC] PHP Fatal error:  Class 'Route' not found in /home/ubuntu/workspace/routes/web.php on line 7
[08-Nov-2016 15:53:15 UTC] PHP Stack trace:
[08-Nov-2016 15:53:15 UTC] PHP   1. {main}() /home/ubuntu/workspace/routes/web.php:0
[08-Nov-2016 15:55:02 UTC] PHP Parse error:  syntax error, unexpected '.', expecting '&' or variable (T_VARIABLE) in /home/ubuntu/workspace/vendor/laravel/framework/src/Illuminate/Foundation/helpers.php on line 475
[08-Nov-2016 15:55:02 UTC] PHP Stack trace:
[08-Nov-2016 15:55:02 UTC] PHP   1. {main}() /home/ubuntu/workspace/public/index.php:0
[08-Nov-2016 15:55:02 UTC] PHP   2. require() /home/ubuntu/workspace/public/index.php:22
[08-Nov-2016 15:55:02 UTC] PHP   3. require() /home/ubuntu/workspace/bootstrap/autoload.php:17
[08-Nov-2016 15:55:02 UTC] PHP   4. ComposerAutoloaderInit311278660a65531e6aa840370286af6a::getLoader() /home/ubuntu/workspace/vendor/autoload.php:7
[08-Nov-2016 15:55:02 UTC] PHP   5. composerRequire311278660a65531e6aa840370286af6a() /home/ubuntu/workspace/vendor/composer/autoload_real.php:56
[08-Nov-2016 15:56:50 UTC] PHP Parse error:  syntax error, unexpected '.', expecting '&' or variable (T_VARIABLE) in /home/ubuntu/workspace/vendor/laravel/framework/src/Illuminate/Foundation/helpers.php on line 475
[08-Nov-2016 15:56:50 UTC] PHP Stack trace:
[08-Nov-2016 15:56:50 UTC] PHP   1. {main}() /home/ubuntu/workspace/public/index.php:0
[08-Nov-2016 15:56:50 UTC] PHP   2. require() /home/ubuntu/workspace/public/index.php:22
[08-Nov-2016 15:56:50 UTC] PHP   3. require() /home/ubuntu/workspace/bootstrap/autoload.php:17
[08-Nov-2016 15:56:50 UTC] PHP   4. ComposerAutoloaderInit311278660a65531e6aa840370286af6a::getLoader() /home/ubuntu/workspace/vendor/autoload.php:7
[08-Nov-2016 15:56:50 UTC] PHP   5. composerRequire311278660a65531e6aa840370286af6a() /home/ubuntu/workspace/vendor/composer/autoload_real.php:56
